*** Life<Cell> 50x50 ***

Generation = 0, Population = 100.
0------------------------------------------------0
-0----------------------------------------------0-
--0--------------------------------------------0--
---0------------------------------------------0---
----0----------------------------------------0----
-----0--------------------------------------0-----
------0------------------------------------0------
-------0----------------------------------0-------
--------0--------------------------------0--------
---------0------------------------------0---------
----------0----------------------------0----------
-----------0--------------------------0-----------
------------0------------------------0------------
-------------0----------------------0-------------
--------------0--------------------0--------------
---------------0------------------0---------------
----------------0----------------0----------------
-----------------0--------------0-----------------
------------------0------------0------------------
-------------------0----------0-------------------
--------------------0--------0--------------------
---------------------0------0---------------------
----------------------0----0----------------------
-----------------------0-0------------------------
------------------------00------------------------
------------------------00------------------------
-----------------------0--0-----------------------
----------------------0----0----------------------
---------------------0------0---------------------
--------------------0--------0--------------------
-------------------0----------0-------------------
------------------0------------0------------------
-----------------0--------------0-----------------
----------------0----------------0----------------
---------------0------------------0---------------
--------------0--------------------0--------------
-------------0----------------------0-------------
------------0------------------------0------------
-----------0--------------------------0-----------
----------0----------------------------0----------
---------0------------------------------0---------
--------0--------------------------------0--------
-------0----------------------------------0-------
------0------------------------------------0------
-----0--------------------------------------0-----
----0----------------------------------------0----
---0------------------------------------------0---
--0--------------------------------------------0--
-0----------------------------------------------0-
0------------------------------------------------0

Generation = 1, Population = 8.
--------------------------------------------------
--------------------------------------------------
--------------------------------------------------
--------------------------------------------------
--------------------------------------------------
--------------------------------------------------
--------------------------------------------------
--------------------------------------------------
--------------------------------------------------
--------------------------------------------------
--------------------------------------------------
--------------------------------------------------
--------------------------------------------------
--------------------------------------------------
--------------------------------------------------
--------------------------------------------------
--------------------------------------------------
--------------------------------------------------
--------------------------------------------------
--------------------------------------------------
--------------------------------------------------
--------------------------------------------------
-------------------------00-----------------------
------------------------0100----------------------
-------------------------10-----------------------
--------------------------------------------------
--------------------------------------------------
--------------------------------------------------
--------------------------------------------------
--------------------------------------------------
--------------------------------------------------
--------------------------------------------------
--------------------------------------------------
--------------------------------------------------
--------------------------------------------------
--------------------------------------------------
--------------------------------------------------
--------------------------------------------------
--------------------------------------------------
--------------------------------------------------
--------------------------------------------------
--------------------------------------------------
--------------------------------------------------
--------------------------------------------------
--------------------------------------------------
--------------------------------------------------
--------------------------------------------------
--------------------------------------------------
--------------------------------------------------
--------------------------------------------------

Generation = 2, Population = 8.
--------------------------------------------------
--------------------------------------------------
--------------------------------------------------
--------------------------------------------------
--------------------------------------------------
--------------------------------------------------
--------------------------------------------------
--------------------------------------------------
--------------------------------------------------
--------------------------------------------------
--------------------------------------------------
--------------------------------------------------
--------------------------------------------------
--------------------------------------------------
--------------------------------------------------
--------------------------------------------------
--------------------------------------------------
--------------------------------------------------
--------------------------------------------------
--------------------------------------------------
--------------------------------------------------
-------------------------00-----------------------
--------------------------------------------------
-----------------------01--10---------------------
--------------------------------------------------
-------------------------00-----------------------
--------------------------------------------------
--------------------------------------------------
--------------------------------------------------
--------------------------------------------------
--------------------------------------------------
--------------------------------------------------
--------------------------------------------------
--------------------------------------------------
--------------------------------------------------
--------------------------------------------------
--------------------------------------------------
--------------------------------------------------
--------------------------------------------------
--------------------------------------------------
--------------------------------------------------
--------------------------------------------------
--------------------------------------------------
--------------------------------------------------
--------------------------------------------------
--------------------------------------------------
--------------------------------------------------
--------------------------------------------------
--------------------------------------------------
--------------------------------------------------

Generation = 3, Population = 32.
--------------------------------------------------
--------------------------------------------------
--------------------------------------------------
--------------------------------------------------
--------------------------------------------------
--------------------------------------------------
--------------------------------------------------
--------------------------------------------------
--------------------------------------------------
--------------------------------------------------
--------------------------------------------------
--------------------------------------------------
--------------------------------------------------
--------------------------------------------------
--------------------------------------------------
--------------------------------------------------
--------------------------------------------------
--------------------------------------------------
--------------------------------------------------
--------------------------------------------------
-------------------------00-----------------------
------------------------0110----------------------
-----------------------000000---------------------
----------------------01*10*10--------------------
-----------------------001000---------------------
------------------------0110----------------------
-------------------------00-----------------------
--------------------------------------------------
--------------------------------------------------
--------------------------------------------------
--------------------------------------------------
--------------------------------------------------
--------------------------------------------------
--------------------------------------------------
--------------------------------------------------
--------------------------------------------------
--------------------------------------------------
--------------------------------------------------
--------------------------------------------------
--------------------------------------------------
--------------------------------------------------
--------------------------------------------------
--------------------------------------------------
--------------------------------------------------
--------------------------------------------------
--------------------------------------------------
--------------------------------------------------
--------------------------------------------------
--------------------------------------------------
--------------------------------------------------

Generation = 4, Population = 8.
--------------------------------------------------
--------------------------------------------------
--------------------------------------------------
--------------------------------------------------
--------------------------------------------------
--------------------------------------------------
--------------------------------------------------
--------------------------------------------------
--------------------------------------------------
--------------------------------------------------
--------------------------------------------------
--------------------------------------------------
--------------------------------------------------
--------------------------------------------------
--------------------------------------------------
--------------------------------------------------
--------------------------------------------------
--------------------------------------------------
--------------------------------------------------
-------------------------00-----------------------
--------------------------------------------------
--------------------------------------------------
--------------------------------------------------
---------------------01-.--.-10-------------------
--------------------------------------------------
--------------------------------------------------
--------------------------------------------------
-------------------------00-----------------------
--------------------------------------------------
--------------------------------------------------
--------------------------------------------------
--------------------------------------------------
--------------------------------------------------
--------------------------------------------------
--------------------------------------------------
--------------------------------------------------
--------------------------------------------------
--------------------------------------------------
--------------------------------------------------
--------------------------------------------------
--------------------------------------------------
--------------------------------------------------
--------------------------------------------------
--------------------------------------------------
--------------------------------------------------
--------------------------------------------------
--------------------------------------------------
--------------------------------------------------
--------------------------------------------------
--------------------------------------------------

Generation = 5, Population = 32.
--------------------------------------------------
--------------------------------------------------
--------------------------------------------------
--------------------------------------------------
--------------------------------------------------
--------------------------------------------------
--------------------------------------------------
--------------------------------------------------
--------------------------------------------------
--------------------------------------------------
--------------------------------------------------
--------------------------------------------------
--------------------------------------------------
--------------------------------------------------
--------------------------------------------------
--------------------------------------------------
--------------------------------------------------
--------------------------------------------------
-------------------------00-----------------------
------------------------0110----------------------
-------------------------00-----------------------
--------------------------------------------------
---------------------00------00-------------------
--------------------01*1.--.1*10------------------
---------------------00------00-------------------
--------------------------------------------------
-------------------------00-----------------------
------------------------0110----------------------
-------------------------00-----------------------
--------------------------------------------------
--------------------------------------------------
--------------------------------------------------
--------------------------------------------------
--------------------------------------------------
--------------------------------------------------
--------------------------------------------------
--------------------------------------------------
--------------------------------------------------
--------------------------------------------------
--------------------------------------------------
--------------------------------------------------
--------------------------------------------------
--------------------------------------------------
--------------------------------------------------
--------------------------------------------------
--------------------------------------------------
--------------------------------------------------
--------------------------------------------------
--------------------------------------------------
--------------------------------------------------

Generation = 6, Population = 30.
--------------------------------------------------
--------------------------------------------------
--------------------------------------------------
--------------------------------------------------
--------------------------------------------------
--------------------------------------------------
--------------------------------------------------
--------------------------------------------------
--------------------------------------------------
--------------------------------------------------
--------------------------------------------------
--------------------------------------------------
--------------------------------------------------
--------------------------------------------------
--------------------------------------------------
--------------------------------------------------
--------------------------------------------------
-------------------------00-----------------------
--------------------------------------------------
-----------------------01--10---------------------
--------------------------------------------------
---------------------00--11--00-------------------
--------------------------------------------------
-------------------01-.*.--.*.-10-----------------
--------------------------------------------------
---------------------00--11--00-------------------
--------------------------------------------------
-----------------------01--10---------------------
--------------------------------------------------
-------------------------00-----------------------
--------------------------------------------------
--------------------------------------------------
--------------------------------------------------
--------------------------------------------------
--------------------------------------------------
--------------------------------------------------
--------------------------------------------------
--------------------------------------------------
--------------------------------------------------
--------------------------------------------------
--------------------------------------------------
--------------------------------------------------
--------------------------------------------------
--------------------------------------------------
--------------------------------------------------
--------------------------------------------------
--------------------------------------------------
--------------------------------------------------
--------------------------------------------------
--------------------------------------------------

Generation = 7, Population = 116.
--------------------------------------------------
--------------------------------------------------
--------------------------------------------------
--------------------------------------------------
--------------------------------------------------
--------------------------------------------------
--------------------------------------------------
--------------------------------------------------
--------------------------------------------------
--------------------------------------------------
--------------------------------------------------
--------------------------------------------------
--------------------------------------------------
--------------------------------------------------
--------------------------------------------------
--------------------------------------------------
-------------------------00-----------------------
------------------------0110----------------------
-----------------------000000---------------------
----------------------01*11*10--------------------
---------------------0000000000-------------------
--------------------01100**00110------------------
-------------------00000-00-00000-----------------
------------------01*1...--...1*10----------------
-------------------00000-10-00000-----------------
--------------------01100**00110------------------
---------------------0000000000-------------------
----------------------01*11*10--------------------
-----------------------000000---------------------
------------------------0110----------------------
-------------------------00-----------------------
--------------------------------------------------
--------------------------------------------------
--------------------------------------------------
--------------------------------------------------
--------------------------------------------------
--------------------------------------------------
--------------------------------------------------
--------------------------------------------------
--------------------------------------------------
--------------------------------------------------
--------------------------------------------------
--------------------------------------------------
--------------------------------------------------
--------------------------------------------------
--------------------------------------------------
--------------------------------------------------
--------------------------------------------------
--------------------------------------------------
--------------------------------------------------

Generation = 8, Population = 22.
--------------------------------------------------
--------------------------------------------------
--------------------------------------------------
--------------------------------------------------
--------------------------------------------------
--------------------------------------------------
--------------------------------------------------
--------------------------------------------------
--------------------------------------------------
--------------------------------------------------
--------------------------------------------------
--------------------------------------------------
--------------------------------------------------
--------------------------------------------------
--------------------------------------------------
-------------------------00-----------------------
--------------------------------------------------
--------------------------------------------------
--------------------------------------------------
------------------------.--.----------------------
--------------------------------------------------
------------------------1..1----------------------
----------------------1-0--0-1--------------------
-----------------01-.*...--...*.-10---------------
----------------------1-0--0-1--------------------
------------------------1..1----------------------
--------------------------------------------------
------------------------.--.----------------------
--------------------------------------------------
--------------------------------------------------
--------------------------------------------------
-------------------------00-----------------------
--------------------------------------------------
--------------------------------------------------
--------------------------------------------------
--------------------------------------------------
--------------------------------------------------
--------------------------------------------------
--------------------------------------------------
--------------------------------------------------
--------------------------------------------------
--------------------------------------------------
--------------------------------------------------
--------------------------------------------------
--------------------------------------------------
--------------------------------------------------
--------------------------------------------------
--------------------------------------------------
--------------------------------------------------
--------------------------------------------------

Generation = 9, Population = 60.
--------------------------------------------------
--------------------------------------------------
--------------------------------------------------
--------------------------------------------------
--------------------------------------------------
--------------------------------------------------
--------------------------------------------------
--------------------------------------------------
--------------------------------------------------
--------------------------------------------------
--------------------------------------------------
--------------------------------------------------
--------------------------------------------------
--------------------------------------------------
-------------------------00-----------------------
------------------------0110----------------------
-------------------------00-----------------------
--------------------------------------------------
--------------------------------------------------
------------------------.--.----------------------
------------------------0--0----------------------
----------------------10*..*01--------------------
-----------------00-----1001-----00---------------
----------------01*1.**..--..**.1*10--------------
-----------------00-----1101-----00---------------
----------------------10*..*01--------------------
------------------------0--0----------------------
------------------------.--.----------------------
--------------------------------------------------
--------------------------------------------------
-------------------------00-----------------------
------------------------0110----------------------
-------------------------00-----------------------
--------------------------------------------------
--------------------------------------------------
--------------------------------------------------
--------------------------------------------------
--------------------------------------------------
--------------------------------------------------
--------------------------------------------------
--------------------------------------------------
--------------------------------------------------
--------------------------------------------------
--------------------------------------------------
--------------------------------------------------
--------------------------------------------------
--------------------------------------------------
--------------------------------------------------
--------------------------------------------------
--------------------------------------------------

Generation = 10, Population = 56.
--------------------------------------------------
--------------------------------------------------
--------------------------------------------------
--------------------------------------------------
--------------------------------------------------
--------------------------------------------------
--------------------------------------------------
--------------------------------------------------
--------------------------------------------------
--------------------------------------------------
--------------------------------------------------
--------------------------------------------------
--------------------------------------------------
-------------------------00-----------------------
--------------------------------------------------
-----------------------01--10---------------------
--------------------------------------------------
-------------------------11-----------------------
--------------------------------------------------
------------------------.--.----------------------
----------------------0-1001-0--------------------
-----------------00--1*-....-*1--00---------------
---------------------0--------0-------------------
---------------01-.*...*.--.*...*.-10-------------
---------------------0--------0-------------------
-----------------00--1*-....-*1--00---------------
----------------------0-1001-0--------------------
------------------------.--.----------------------
--------------------------------------------------
-------------------------11-----------------------
--------------------------------------------------
-----------------------01--10---------------------
--------------------------------------------------
-------------------------00-----------------------
--------------------------------------------------
--------------------------------------------------
--------------------------------------------------
--------------------------------------------------
--------------------------------------------------
--------------------------------------------------
--------------------------------------------------
--------------------------------------------------
--------------------------------------------------
--------------------------------------------------
--------------------------------------------------
--------------------------------------------------
--------------------------------------------------
--------------------------------------------------
--------------------------------------------------
--------------------------------------------------

Generation = 11, Population = 164.
--------------------------------------------------
--------------------------------------------------
--------------------------------------------------
--------------------------------------------------
--------------------------------------------------
--------------------------------------------------
--------------------------------------------------
--------------------------------------------------
--------------------------------------------------
--------------------------------------------------
--------------------------------------------------
--------------------------------------------------
-------------------------00-----------------------
------------------------0110----------------------
-----------------------000000---------------------
----------------------01*11*10--------------------
-----------------------000000---------------------
------------------------0**0----------------------
-------------------------00-----------------------
----------------------0-.11.-0--------------------
-----------------00---1-*--*-1---00---------------
----------------01100-*0.**.0*-00110--------------
---------------0000001-0----0-1000000-------------
--------------01*1..*.*..--..*.*..1*10------------
---------------0000001-0----0-1000000-------------
----------------01100-*0.**.0*-00110--------------
-----------------00---1-*--*-1---00---------------
----------------------0-.11.-0--------------------
-------------------------00-----------------------
------------------------0**0----------------------
-----------------------000000---------------------
----------------------01*11*10--------------------
-----------------------000000---------------------
------------------------0110----------------------
-------------------------00-----------------------
--------------------------------------------------
--------------------------------------------------
--------------------------------------------------
--------------------------------------------------
--------------------------------------------------
--------------------------------------------------
--------------------------------------------------
--------------------------------------------------
--------------------------------------------------
--------------------------------------------------
--------------------------------------------------
--------------------------------------------------
--------------------------------------------------
--------------------------------------------------
--------------------------------------------------

Generation = 12, Population = 108.
--------------------------------------------------
--------------------------------------------------
--------------------------------------------------
--------------------------------------------------
--------------------------------------------------
--------------------------------------------------
--------------------------------------------------
--------------------------------------------------
--------------------------------------------------
--------------------------------------------------
--------------------------------------------------
-------------------------00-----------------------
--------------------------------------------------
--------------------------------------------------
--------------------------------------------------
---------------------01-.--.-10-------------------
--------------------------------------------------
-------------------------..-----------------------
----------------------0--11--0--------------------
-----------------00--011*--*110--00---------------
--------------------00-0*00*0-00------------------
-------------------1-1.-.**.-.1-1-----------------
------------------11-*-110011-*-11----------------
-------------01-.*.....*.--.*.....*.-10-----------
------------------11-*-111011-*-11----------------
-------------------1-1.-.**.-.1-1-----------------
--------------------00-0*00*0-00------------------
-----------------00--011*--*110--00---------------
----------------------0--11--0--------------------
-------------------------..-----------------------
--------------------------------------------------
---------------------01-.--.-10-------------------
--------------------------------------------------
--------------------------------------------------
--------------------------------------------------
-------------------------00-----------------------
--------------------------------------------------
--------------------------------------------------
--------------------------------------------------
--------------------------------------------------
--------------------------------------------------
--------------------------------------------------
--------------------------------------------------
--------------------------------------------------
--------------------------------------------------
--------------------------------------------------
--------------------------------------------------
--------------------------------------------------
--------------------------------------------------
--------------------------------------------------

Generation = 13, Population = 154.
--------------------------------------------------
--------------------------------------------------
--------------------------------------------------
--------------------------------------------------
--------------------------------------------------
--------------------------------------------------
--------------------------------------------------
--------------------------------------------------
--------------------------------------------------
--------------------------------------------------
-------------------------00-----------------------
------------------------0110----------------------
-------------------------00-----------------------
--------------------------------------------------
---------------------00------00-------------------
--------------------01*1.--.1*10------------------
---------------------00------00-------------------
----------------------0--..--0--------------------
-----------------00---1--**--1---00---------------
----------------0110--**.11.**--0110--------------
-----------------00-111-.11.-111-00---------------
-------------------*0-.-....-.-0*-----------------
-------------00---*--.---11---.--*---00-----------
------------01*1.*.......--.......*.1*10----------
-------------00---*--.---*1---.--*---00-----------
-------------------*0-.-....-.-0*-----------------
-----------------00-111-.11.-111-00---------------
----------------0110--**.11.**--0110--------------
-----------------00---1--**--1---00---------------
----------------------0--..--0--------------------
---------------------00------00-------------------
--------------------01*1.--.1*10------------------
---------------------00------00-------------------
--------------------------------------------------
-------------------------00-----------------------
------------------------0110----------------------
-------------------------00-----------------------
--------------------------------------------------
--------------------------------------------------
--------------------------------------------------
--------------------------------------------------
--------------------------------------------------
--------------------------------------------------
--------------------------------------------------
--------------------------------------------------
--------------------------------------------------
--------------------------------------------------
--------------------------------------------------
--------------------------------------------------
--------------------------------------------------

Generation = 14, Population = 129.
--------------------------------------------------
--------------------------------------------------
--------------------------------------------------
--------------------------------------------------
--------------------------------------------------
--------------------------------------------------
--------------------------------------------------
--------------------------------------------------
--------------------------------------------------
-------------------------00-----------------------
--------------------------------------------------
-----------------------01--10---------------------
--------------------------------------------------
---------------------00--11--00-------------------
--------------------------------------------------
-------------------01-.*.--.*.-10-----------------
----------------------1------1--------------------
-----------------00----0-..-0----00---------------
---------------------0--0**0--0-------------------
---------------01--1--.*.**.*.--1--10-------------
------------------------*--*----------------------
-------------00--11.--.-....-.--.11--00-----------
------------------*-0.--1**1--.0-*----------------
-----------01-.*.**......--......**.*.-10---------
------------------*-0.--1.*1--.0-*----------------
-------------00--11.--.-....-.--.11--00-----------
------------------------*--*----------------------
---------------01--1--.*.**.*.--1--10-------------
---------------------0--0**0--0-------------------
-----------------00----0-..-0----00---------------
----------------------1------1--------------------
-------------------01-.*.--.*.-10-----------------
--------------------------------------------------
---------------------00--11--00-------------------
--------------------------------------------------
-----------------------01--10---------------------
--------------------------------------------------
-------------------------00-----------------------
--------------------------------------------------
--------------------------------------------------
--------------------------------------------------
--------------------------------------------------
--------------------------------------------------
--------------------------------------------------
--------------------------------------------------
--------------------------------------------------
--------------------------------------------------
--------------------------------------------------
--------------------------------------------------
--------------------------------------------------

Generation = 15, Population = 356.
--------------------------------------------------
--------------------------------------------------
--------------------------------------------------
--------------------------------------------------
--------------------------------------------------
--------------------------------------------------
--------------------------------------------------
--------------------------------------------------
-------------------------00-----------------------
------------------------0110----------------------
-----------------------000000---------------------
----------------------01*11*10--------------------
---------------------0000000000-------------------
--------------------01100**00110------------------
-------------------00000-00-00000-----------------
------------------01*1...--...1*10----------------
-----------------00000-0----0-00000---------------
----------------0110-0---**---0-0110--------------
---------------000000-101..101-000000-------------
--------------01*11-00.*....*.00-11*10------------
-------------0000000----*--*----0000000-----------
------------01100*-*0-.-*..*-.-0*-*00110----------
-----------00000-0.--.-1****1-.--.0-00000---------
----------01*1...**.....*1-......**...1*10--------
-----------00000-0.--.-1-..*1-.--.0-00000---------
------------01100*-*0-.-.***-.-0*-*00110----------
-------------0000000----*--*----0000000-----------
--------------01*11-00.*....*.00-11*10------------
---------------000000-101..101-000000-------------
----------------0110-0---**---0-0110--------------
-----------------00000-0----0-00000---------------
------------------01*1...--...1*10----------------
-------------------00000-00-00000-----------------
--------------------01100**00110------------------
---------------------0000000000-------------------
----------------------01*11*10--------------------
-----------------------000000---------------------
------------------------0110----------------------
-------------------------00-----------------------
--------------------------------------------------
--------------------------------------------------
--------------------------------------------------
--------------------------------------------------
--------------------------------------------------
--------------------------------------------------
--------------------------------------------------
--------------------------------------------------
--------------------------------------------------
--------------------------------------------------
--------------------------------------------------

Generation = 16, Population = 164.
--------------------------------------------------
--------------------------------------------------
--------------------------------------------------
--------------------------------------------------
--------------------------------------------------
--------------------------------------------------
--------------------------------------------------
-------------------------00-----------------------
--------------------------------------------------
--------------------------------------------------
--------------------------------------------------
------------------------.--.----------------------
--------------------------------------------------
------------------------1..1----------------------
----------------------1-0--0-1--------------------
--------------------.*.**11**.*.------------------
--------------------11--0000--11------------------
-------------------1-1---**---1-1-----------------
-------------------1--*1****1*--1-----------------
----------------.-*--1........1--*-.--------------
------------------1-11--*11*--11-1----------------
----------------1.1*11.-....-.11*1.1--------------
--------------1-0-.10.1*...**1.01.-0-1------------
---------01-.*...**......--......**...*.-10-------
--------------1-0-.10.1--..**1.01.-0-1------------
----------------1.1*11.0**..-.11*1.1--------------
------------------1-11--*--*--11-1----------------
----------------.-*--1........1--*-.--------------
-------------------1--*1****1*--1-----------------
-------------------1-1---**---1-1-----------------
--------------------11--0000--11------------------
--------------------.*.**11**.*.------------------
----------------------1-0--0-1--------------------
------------------------1..1----------------------
--------------------------------------------------
------------------------.--.----------------------
--------------------------------------------------
--------------------------------------------------
--------------------------------------------------
-------------------------00-----------------------
--------------------------------------------------
--------------------------------------------------
--------------------------------------------------
--------------------------------------------------
--------------------------------------------------
--------------------------------------------------
--------------------------------------------------
--------------------------------------------------
--------------------------------------------------
--------------------------------------------------

Generation = 17, Population = 201.
--------------------------------------------------
--------------------------------------------------
--------------------------------------------------
--------------------------------------------------
--------------------------------------------------
--------------------------------------------------
-------------------------00-----------------------
------------------------0110----------------------
-------------------------00-----------------------
--------------------------------------------------
--------------------------------------------------
------------------------.--.----------------------
------------------------0--0----------------------
----------------------10*..*01--------------------
-----------------------0----0---------------------
--------------------**...**...**------------------
--------------------**1------1**------------------
------------------1*0*-00..00-*0*1----------------
-------------------*00*-*..*-*00*-----------------
----------------.1*--*........*--*1.--------------
----------------00-0-*10.--.01*-0-00--------------
--------------10*.-.--.0**..0.--.-.*01------------
---------00-----1-.--.*.....**.--.-1-----00-------
--------01*1.**.***...**.--......***.**.1*10------
---------00-----1-.--.--1...**.--.-1-----00-------
--------------10*.-.--.1****0.--.-.*01------------
----------------00-0-*1-*-1.01*-0-00--------------
----------------.1*--*........*--*1.--------------
-------------------*00*-*..*-*00*-----------------
------------------1*0*-00..00-*0*1----------------
--------------------**1------1**------------------
--------------------**...**...**------------------
-----------------------0----0---------------------
----------------------10*..*01--------------------
------------------------0--0----------------------
------------------------.--.----------------------
--------------------------------------------------
--------------------------------------------------
-------------------------00-----------------------
------------------------0110----------------------
-------------------------00-----------------------
--------------------------------------------------
--------------------------------------------------
--------------------------------------------------
--------------------------------------------------
--------------------------------------------------
--------------------------------------------------
--------------------------------------------------
--------------------------------------------------
--------------------------------------------------

Generation = 18, Population = 193.
--------------------------------------------------
--------------------------------------------------
--------------------------------------------------
--------------------------------------------------
--------------------------------------------------
-------------------------00-----------------------
--------------------------------------------------
-----------------------01--10---------------------
--------------------------------------------------
-------------------------11-----------------------
--------------------------------------------------
------------------------.--.----------------------
----------------------0-1001-0--------------------
---------------------1*1*..*1*1-------------------
--------------------00-1-00-1-00------------------
-------------------1*..........*1-----------------
------------------0-..*-0000-*..-0----------------
-----------------1*.-.-1-..-1-.-.*1---------------
-----------------00.1-.1*..*1.-1.00---------------
----------------*-.1-..........-1.-*--------------
--------------0---1--*--.1-.--*--1---0------------
---------00--1*-..-.-1.-*..*-.1-.-..-*1--00-------
-------------0----.--.*.....**.--.----0-----------
-------01-.*....*.....**.--........*....*.-10-----
-------------0----.--.11*.*.**.--.----0-----------
---------00--1*-..-.-1**..*.1.1-.-..-*1--00-------
--------------0---1--**0*1*.--*--1---0------------
----------------*-.1-....*.*...-1.-*--------------
-----------------00.1-.1*..*1.-1.00---------------
-----------------1*.-.-1-..-1-.-.*1---------------
------------------0-..*-0000-*..-0----------------
-------------------1*..........*1-----------------
--------------------00-1-00-1-00------------------
---------------------1*1*..*1*1-------------------
----------------------0-1001-0--------------------
------------------------.--.----------------------
--------------------------------------------------
-------------------------11-----------------------
--------------------------------------------------
-----------------------01--10---------------------
--------------------------------------------------
-------------------------00-----------------------
--------------------------------------------------
--------------------------------------------------
--------------------------------------------------
--------------------------------------------------
--------------------------------------------------
--------------------------------------------------
--------------------------------------------------
--------------------------------------------------

Generation = 19, Population = 299.
--------------------------------------------------
--------------------------------------------------
--------------------------------------------------
--------------------------------------------------
-------------------------00-----------------------
------------------------0110----------------------
-----------------------000000---------------------
----------------------01*11*10--------------------
-----------------------000000---------------------
------------------------0**0----------------------
-------------------------00-----------------------
----------------------0-.11.-0--------------------
----------------------10----01--------------------
----------------------.*....*.--------------------
----------------------1*0110*1--------------------
-------------------**.**....**.**-----------------
------------------1-...01--10...-1----------------
----------------0-..0.-*0..0*-.0..-0--------------
-------------------.-0.-*..*-.0-.-----------------
--------------01.-.--...*......--.-.10------------
---------00---1000--1.1-.-1.-1.1--0001---00-------
--------01100-*0..1.1**0....-.*1.1..0*-00110------
-------0000001--1-.--**.....**.--.-1--1000000-----
------01*1..*........*..*-0*...........*..1*10----
-------0000001--1-.--.*-**..**.--.-1--1000000-----
--------01100-*0..1.1-....*.*.*1.1..0*-00110------
---------00---1000--1*.1.*..01.1--0001---00-------
--------------01.-.--*.....**..--.-.10------------
-------------------.-0.-*.**-.0-.-----------------
----------------0-..0.-*0..0*-.0..-0--------------
------------------1-...01--10...-1----------------
-------------------**.**....**.**-----------------
----------------------1*0110*1--------------------
----------------------.*....*.--------------------
----------------------10----01--------------------
----------------------0-.11.-0--------------------
-------------------------00-----------------------
------------------------0**0----------------------
-----------------------000000---------------------
----------------------01*11*10--------------------
-----------------------000000---------------------
------------------------0110----------------------
-------------------------00-----------------------
--------------------------------------------------
--------------------------------------------------
--------------------------------------------------
--------------------------------------------------
--------------------------------------------------
--------------------------------------------------
--------------------------------------------------

Generation = 20, Population = 247.
--------------------------------------------------
--------------------------------------------------
--------------------------------------------------
-------------------------00-----------------------
--------------------------------------------------
--------------------------------------------------
--------------------------------------------------
---------------------01-.--.-10-------------------
--------------------------------------------------
-------------------------..-----------------------
----------------------0--11--0--------------------
---------------------01-*--*-10-------------------
---------------------0--1001--0-------------------
----------------------...**...--------------------
-------------------000-.----.-000-----------------
-------------------*.*........*.*-----------------
----------------00--**.1-00-1.**--00--------------
---------------0-1..-.0.1**1.0.-..1-0-------------
--------------000--.--.-**.*-.--.--000------------
---------00--0--.1.-0*.*.*....*0-.1.--0--00-------
------------00*--1-0*.*-.1-.0-.*0-1--*00----------
-----------1-1.-..-*-..1....0..-*-..-.1-1---------
----------11-*---0.--......****0-.0---*-11--------
-----01-.*...........*..*11*..............*.-10---
----------11-*---0.-0*.-*...***0-.0---*-11--------
-----------1-1.-..-**-**..*....-*-..-.1-1---------
------------00*--1-0-**-..*.1*.*0-1--*00----------
---------00--0--.1.--*..**....*0-.1.--0--00-------
--------------000--.-1*-***.1*--.--000------------
---------------0-1..-.0.1..1.0.-..1-0-------------
----------------00--**.1-00-1.**--00--------------
-------------------*.*........*.*-----------------
-------------------000-.----.-000-----------------
----------------------...**...--------------------
---------------------0--1001--0-------------------
---------------------01-*--*-10-------------------
----------------------0--11--0--------------------
-------------------------..-----------------------
--------------------------------------------------
---------------------01-.--.-10-------------------
--------------------------------------------------
--------------------------------------------------
--------------------------------------------------
-------------------------00-----------------------
--------------------------------------------------
--------------------------------------------------
--------------------------------------------------
--------------------------------------------------
--------------------------------------------------
--------------------------------------------------

Generation = 21, Population = 359.
--------------------------------------------------
--------------------------------------------------
-------------------------00-----------------------
------------------------0110----------------------
-------------------------00-----------------------
--------------------------------------------------
---------------------00------00-------------------
--------------------01*1.--.1*10------------------
---------------------00------00-------------------
----------------------0--..--0--------------------
----------------------10-**-01--------------------
--------------------0---*11*---0------------------
--------------------01-0-11-0-10------------------
-------------------00-..*..*..-00-----------------
------------------0---1.-11-.1---0----------------
----------------000*............*000--------------
----------------1-1-**.-1--1-.**-1-1--------------
---------------1-*..0*-.-..-.-*0..*-1-------------
---------00---1110-.10*-...*1.01.-0111---00-------
--------0110-101.**--***.*....*--**.101-0110------
---------00-1-*00*--..*0.*1.11*.--*00*-1-00-------
-----------*0-.-..1*-..-....-..1*1..-.-0*---------
-----00---*--.1-1-.1-...**...**1-.-1-1.--*---00---
----01*1.*..........**..*--...............*.1*10--
-----00---*--.1-1-.--..-*...***1-.-1-1.--*---00---
-----------*0-.-..1*.-.*.*.....1*1..-.-0*---------
---------00-1-*00*-11..-*.****..--*00*-1-00-------
--------0110-101.**10...*......--**.101-0110------
---------00---1110-.1-*-..****-1.-0111---00-------
---------------1-*..0.1.*..-.1.0..*-1-------------
----------------1-1-**.-1111-.**-1-1--------------
----------------000*............*000--------------
------------------0---1.-11-.1---0----------------
-------------------00-..*..*..-00-----------------
--------------------01-0-11-0-10------------------
--------------------0---*11*---0------------------
----------------------10-**-01--------------------
----------------------0--..--0--------------------
---------------------00------00-------------------
--------------------01*1.--.1*10------------------
---------------------00------00-------------------
--------------------------------------------------
-------------------------00-----------------------
------------------------0110----------------------
-------------------------00-----------------------
--------------------------------------------------
--------------------------------------------------
--------------------------------------------------
--------------------------------------------------
--------------------------------------------------

Generation = 22, Population = 345.
--------------------------------------------------
-------------------------00-----------------------
--------------------------------------------------
-----------------------01--10---------------------
--------------------------------------------------
---------------------00--11--00-------------------
--------------------------------------------------
-------------------01-.*.--.*.-10-----------------
----------------------1------1--------------------
-------------------------..-----------------------
--------------------00-10..01-00------------------
-------------------01-11.--.11-10-----------------
--------------------1*--------*1------------------
-------------------1--***..***--1-----------------
----------------0-1000-.-**-.-0001-0--------------
---------------0---.**...**...**.---0-------------
----------------*-*0.*.1-00-1.*.0*-*--------------
---------00----*-.*.1.-.1..-*0.1.*.-*----00-------
-----------------1-*--.-....*.1-*-1---------------
-------01--10*-*..*1-....*.....-1*..*-*01--10-----
------------*0.1-.10.*.-.**.*-*.01.-1.0*----------
-----00--11.-1*0..**1..1..*.0..-**..0*1-.11--00---
----------*-0.---0**-...**....*--.0---.0-*--------
---01-.*.**.........*..**--.*............**.*.-10-
----------*-0.---0.10..-**...**--.0---.0-*--------
-----00--11.-1*0..***-.*.**....-**..0*1-.11--00---
------------*0.1-.-*-..-*.***...01.-1.0*----------
-------01--10*-*...*1..*......*01*..*-*01--10-----
-----------------1-.--.1.*.***-**-1---------------
---------00----*-.*.-.*.*..-.*.-.*.-*----00-------
----------------*-*0**.1---*1.**0*-*--------------
---------------0---.**..*..*..**.---0-------------
----------------0-1000-.-**-.-0001-0--------------
-------------------1--***..***--1-----------------
--------------------1*--------*1------------------
-------------------01-11.--.11-10-----------------
--------------------00-10..01-00------------------
-------------------------..-----------------------
----------------------1------1--------------------
-------------------01-.*.--.*.-10-----------------
--------------------------------------------------
---------------------00--11--00-------------------
--------------------------------------------------
-----------------------01--10---------------------
--------------------------------------------------
-------------------------00-----------------------
--------------------------------------------------
--------------------------------------------------
--------------------------------------------------
--------------------------------------------------

Generation = 23, Population = 584.
-------------------------00-----------------------
------------------------0110----------------------
-----------------------000000---------------------
----------------------01*11*10--------------------
---------------------0000000000-------------------
--------------------01100**00110------------------
-------------------00000-00-00000-----------------
------------------01*1...--...1*10----------------
-------------------000--------000-----------------
--------------------00000..00000------------------
---------------------11-1..1-11-------------------
------------------01*-*-*--*-*-*10----------------
-------------------0-.1-1--1-1.-0-----------------
----------------0--*01********10*--0--------------
------------------*11--*-..-*--11*----------------
--------------0-0--..............--0-0------------
---------00----0*-*1.**-1---*...1*-*0----00-------
--------0110--0.-...-.-.-*.1*1.-...-.0--0110------
-------0000000--1--.--.-....*.-1.--1--0000000-----
------01*11*1*-.**.*0....***...0*.**.-*1*11*10----
-----000000-.1.-0**1...0***..-..1**0-.1.-000000---
----01100*-.0-.-*...*..-..*.1..1*.**-.-0.-*00110--
---00000-0.--*1011..0....*.*.*.11*-101*--.0-00000-
--01*1...**......*..*..*.1-...*..........**...1*10
---00000-0.--*101-.-1*.1..*..*.11*-101*--.0-00000-
----01100*-.0-.-*....1.*....**.1*.**-.-0.-*00110--
-----000000-.1.-0.-.1..1*.**....1**0-.1.-000000---
------01*11*1*-.*.***..*.*....*1-.**.-*1*11*10----
-------0000000--1--*1-**....**0..--1--0000000-----
--------0110--0.-.*.0**.*.*-...-...-.0--0110------
---------00----0*-*-...-1-1**...-*-*0----00-------
--------------0-0--.....**.**....--0-0------------
------------------*11--.0**0.--11*----------------
----------------0--*01********10*--0--------------
-------------------0-.1-1--1-1.-0-----------------
------------------01*-*-*--*-*-*10----------------
---------------------11-1..1-11-------------------
--------------------00000..00000------------------
-------------------000--------000-----------------
------------------01*1...--...1*10----------------
-------------------00000-00-00000-----------------
--------------------01100**00110------------------
---------------------0000000000-------------------
----------------------01*11*10--------------------
-----------------------000000---------------------
------------------------0110----------------------
-------------------------00-----------------------
--------------------------------------------------
--------------------------------------------------
--------------------------------------------------

Generation = 24, Population = 353.
--------------------------------------------------
--------------------------------------------------
--------------------------------------------------
------------------------.--.----------------------
--------------------------------------------------
------------------------1..1----------------------
----------------------1-0--0-1--------------------
-----------------01-.*...11...*.-10---------------
---------------------1-00--00-1-------------------
----------------------1--..--1--------------------
------------------000-*1-**-1*-000----------------
-----------------01**0*-*11*-*0**10---------------
----------------0---1.-0----0-.1---0--------------
---------------0-0-.1-...**...-1.-0-0-------------
--------------0--0**---*-**-*---**0--0------------
---------00--0-010-..***.......*.-010-0--00-------
--------------01*-.*...-----**..*.-*10------------
---------------.-*..-.0.-..*.*.1*.*-.-------------
------------1--1*--.1-.-.*...*1**--*1--1----------
--------.--.*.0*...*1......*...-....*0.*.--.------
------------.*.11..-...1*....-..*..11.*.----------
--------1.-.-1.-....*..1....-.*-....-.1-.-.1------
------1-0-.--*--*-.*-*..**.***.-**0---*--.-0-1----
-01-.*...**......*.**.*..*-.**...........**...*.-1
------1-0-.--*----.1-*.-....**.-**0---*--.-0-1----
--------1.-.-1.-**...*.*.**.**.-....-.1-.-.1------
------------.*.1-.1.**.*.*****..-..11.*.----------
--------.--.*.0**.*......****.**-...*0.*.--.------
------------1--1*10.*1...*...*-*.--*1--1----------
---------------.-.*.-.*.*.*-...-..*-.-------------
--------------01*-.0.*.1-1-.*...0.-*10------------
---------00--0-010-....*.........-010-0--00-------
--------------0--0**--1.1..1.1--**0--0------------
---------------0-0-.1-*......*-1.-0-0-------------
----------------0---1.-0----0-.1---0--------------
-----------------01**0*-*11*-*0**10---------------
------------------000-*1-**-1*-000----------------
----------------------1--..--1--------------------
---------------------1-00--00-1-------------------
-----------------01-.*...11...*.-10---------------
----------------------1-0--0-1--------------------
------------------------1..1----------------------
--------------------------------------------------
------------------------.--.----------------------
--------------------------------------------------
--------------------------------------------------
--------------------------------------------------
-------------------------00-----------------------
--------------------------------------------------
--------------------------------------------------

Generation = 25, Population = 470.
--------------------------------------------------
--------------------------------------------------
--------------------------------------------------
------------------------.--.----------------------
------------------------0--0----------------------
----------------------10*..*01--------------------
-----------------00-----1--1-----00---------------
----------------01*1.*...**...*.1*10--------------
-----------------00-0*111--111*0-00---------------
------------------000-*00**00*-000----------------
-------------------1-1.*1..1*.1-1-----------------
-----------------1*..-.-.**.-.-..*1---------------
-----------------00--.--------.--00---------------
----------------01-.*1...**...1*.-10--------------
---------00----0-1.*-0-*-**-.1-1*.1-0----00-------
--------01100---*--**.***..***.*.--*---00110------
---------00---1*.0*..*.1----**..*.0.*1---00-------
------------0-0.0*..1.-.-......-..*0.0-0----------
-----------0*0--*--**0.-..*..*-.*0-*--0*0---------
--------.--.*.1....*-...*.....*0*....1.*.--.------
--------0---**.-*..1*..-*....-.....*-.**---0------
------10*.-.0-.0*...*.**.*..1*.1*.**0.-0.-.*01----
-00-----1-.-0.10.-**-*******..*1.*11-1.0-.-1-----0
01*1.**.**.........*..*.**1...*...........**.**.1-
-00-----1-.-0.1-1-.*1*.1***...*1.*11-1.0-.-1-----0
------10*.-.0-.-****.*...*....*-.***0.-0.-.*01----
--------0---**.*0.****..........-..*-.**---0------
--------.--.*.1...*...*........*1....1.*.--.------
-----------0*0--.-1..*..*...**0*.--*--0*0---------
------------0-0.-.*.0.***.*1...0..*0.0-0----------
---------00---1*.-*-...*1--.....-*0.*1---00-------
--------01100---*--**..*....*...*--*---00110------
---------00----0-1.*-0*.-..-**0-*.1-0----00-------
----------------01-.*-*......*-*.-10--------------
-----------------00--.1--11--1.--00---------------
-----------------1*..-.-.**.-.-..*1---------------
-------------------1-1.*1..1*.1-1-----------------
------------------000-*00**00*-000----------------
-----------------00-0*111--111*0-00---------------
----------------01*1.*...**...*.1*10--------------
-----------------00-----1--1-----00---------------
----------------------10*..*01--------------------
------------------------0--0----------------------
------------------------.--.----------------------
--------------------------------------------------
--------------------------------------------------
-------------------------00-----------------------
------------------------0110----------------------
-------------------------00-----------------------
--------------------------------------------------
